Array
(
    [book_title] => Banaag at Sikat
)
Array
(
    [book_title] => El Filibusterismo
)
Array
(
    [book_title] => Florante at Laura
)
Array
(
    [book_title] => Mga Ibong Mandaragit
)
Array
(
    [book_title] => Library Management 101
)
Array
(
    [book_title] => The Book Thief
)
Array
(
    [book_title] => The Power of Reading
)
Array
(
    [book_title] => Library Management 101
)
Array
(
    [book_title] => Noli Me Tangere
)
Array
(
    [book_title] => The Power of Reading
)
Array
(
    [book_title] => Introduction to Programming
)
